[General]
FirstMinTempSavedOn=44308
[HDR]
KINGSTON SA400S37960G (915712 MB)_50026B77839802E5=21891
KINGSTON SA2000M8500G (476937 MB)_50026B76847D1E69=13733
ST2000LM007-1R8174 (1907726 MB)_WDZSCKMQ=18461
KINGSTON SKC600512G (488382 MB)_50026B7783DB8838=743345
WDC WD10JMVW-11AJGS1 (953835 MB)_WD-WX61A46RUSDZ=182524
[HDW]
KINGSTON SA400S37960G (915712 MB)_50026B77839802E5=291108
KINGSTON SA2000M8500G (476937 MB)_50026B76847D1E69=88671
ST2000LM007-1R8174 (1907726 MB)_WDZSCKMQ=28027
KINGSTON SKC600512G (488382 MB)_50026B7783DB8838=640078
WDC WD10JMVW-11AJGS1 (953835 MB)_WD-WX61A46RUSDZ=1
[Sta_KINGSTON SA400S37960G (915712 MB)_50026B77839802E5]
44308=58,57.62,4,97,56,7027712
MaxTempEverC=61
MaxTempEverCFound=44309.40752,2021. 04. 23. 9:46:49
MinTempEverC=36
MinTempEverCFound=44309.41449,2021. 04. 23. 9:56:51
MaxTempByDriveC=70
Dates=44308,44309
44309=61,51.72,32,96,36,9717760
[Sta_KINGSTON SKC600512G (488382 MB)_50026B7783DB8838]
44308=30,29.13,4,100,28,663648
MaxTempEverC=48
MaxTempEverCFound=44309.73160,2021. 04. 23. 17:33:30
MinTempEverC=28
MinTempEverCFound=44308.89049,2021. 04. 22. 21:22:18
MaxTempByDriveC=63
Dates=44308,44309
44309=48,39.90,32,100,31,2626240
[Sta_KINGSTON SA2000M8500G (476937 MB)_50026B76847D1E69]
44308=48,43.50,4,100,39,1223382
MaxTempEverC=51
MaxTempEverCFound=44309.71071,2021. 04. 23. 17:03:25
MinTempEverC=38
MinTempEverCFound=44309.41102,2021. 04. 23. 9:51:52
MaxTempByDriveC=51
Dates=44308,44309
44309=51,41.28,32,100,39,1329753
[Sta_ST2000LM007-1R8174 (1907726 MB)_WDZSCKMQ]
44308=36,33.63,4,100,31,-1
MaxTempEverC=43
MaxTempEverCFound=44309.70027,2021. 04. 23. 16:48:23
MinTempEverC=29
MinTempEverCFound=44309.40752,2021. 04. 23. 9:46:49
MaxTempByDriveC=46
Dates=44308,44309
44309=43,37.29,32,100,36,-1
[CurrentDrives]
DriveList=#0: KINGSTON SA400S37960G / 50026B77839802E5 (915712 MB)	#1: KINGSTON SKC600512G / 50026B7783DB8838 (488382 MB)	#2: KINGSTON SA2000M8500G / 50026B76847D1E69 (476937 MB)	#3: ST2000LM007-1R8174 / WDZSCKMQ (1907726 MB)	#4: WDC WD10JMVW-11AJGS1 / WD-WX61A46RUSDZ (953835 MB)
[Sta_WDC WD10JMVW-11AJGS1 (953835 MB)_WD-WX61A46RUSDZ]
44309=39,35.25,32,100,31,-1
MaxTempEverC=39
MaxTempEverCFound=44309.65148,2021. 04. 23. 15:38:07
MinTempEverC=31
MinTempEverCFound=44309.72465,2021. 04. 23. 17:23:29
MaxTempByDriveC=56
Dates=44309
